<?xml version="1.0" encoding="utf-8"?><testsuites name="pytest tests"><testsuite name="pytest" errors="0" failures="0" skipped="0" tests="49" time="11.160" timestamp="2026-05-28T17:44:33.337181+00:00" hostname="agent-env-145d872d-87ef-4f70-8800-8a2d89f4686c"><testcase classname="tests.test_gymflow_api.TestAuth" name="test_health" time="0.288" /><testcase classname="tests.test_gymflow_api.TestAuth" name="test_login_bad_creds" time="0.388" /><testcase classname="tests.test_gymflow_api.TestAuth" name="test_me_no_token" time="0.144" /><testcase classname="tests.test_gymflow_api.TestAuth" name="test_me_bad_token" time="0.153" /><testcase classname="tests.test_gymflow_api.TestAuth" name="test_me_ok" time="0.438" /><testcase classname="tests.test_gymflow_api.TestMembers" name="test_create_member" time="0.153" /><testcase classname="tests.test_gymflow_api.TestMembers" name="test_get_member" time="0.130" /><testcase classname="tests.test_gymflow_api.TestMembers" name="test_list_members_search" time="0.147" /><testcase classname="tests.test_gymflow_api.TestMembers" name="test_list_members_status_filter" time="0.157" /><testcase classname="tests.test_gymflow_api.TestMembers" name="test_update_member_plan_extends_expiry" time="0.115" /><testcase classname="tests.test_gymflow_api.TestMembers" name="test_member_unauthorized" time="0.107" /><testcase classname="tests.test_gymflow_api.TestAttendance" name="test_checkin_checkout_flow" time="0.366" /><testcase classname="tests.test_gymflow_api.TestAttendance" name="test_today" time="0.112" /><testcase classname="tests.test_gymflow_api.TestAttendance" name="test_checkout_no_record" time="0.107" /><testcase classname="tests.test_gymflow_api.TestPayments" name="test_create_payment_extends_expiry" time="0.483" /><testcase classname="tests.test_gymflow_api.TestPayments" name="test_list_payments" time="0.105" /><testcase classname="tests.test_gymflow_api.TestPayments" name="test_get_payment_receipt" time="0.111" /><testcase classname="tests.test_gymflow_api.TestPayments" name="test_pending_fees" time="0.107" /><testcase classname="tests.test_gymflow_api.TestDashboard" name="test_stats" time="0.106" /><testcase classname="tests.test_gymflow_api.TestDashboard" name="test_analytics_revenue" time="0.135" /><testcase classname="tests.test_gymflow_api.TestDashboard" name="test_analytics_attendance" time="0.108" /><testcase classname="tests.test_gymflow_api.TestDashboard" name="test_analytics_member_growth" time="0.105" /><testcase classname="tests.test_gymflow_api.TestZCleanup" name="test_delete_member" time="0.215" /><testcase classname="tests.test_gymflow_milestones.TestMilestonesAuth" name="test_milestones_requires_auth" time="0.108" /><testcase classname="tests.test_gymflow_milestones.TestMilestonesAuth" name="test_milestones_route_order_not_404" time="0.424" /><testcase classname="tests.test_gymflow_milestones.TestBirthDatePersistence" name="test_create_with_birth_date" time="0.226" /><testcase classname="tests.test_gymflow_milestones.TestBirthDatePersistence" name="test_update_birth_date" time="0.772" /><testcase classname="tests.test_gymflow_milestones.TestMilestonesContent" name="test_setup_birthday_today" time="0.123" /><testcase classname="tests.test_gymflow_milestones.TestMilestonesContent" name="test_setup_birthday_in_3_days" time="0.125" /><testcase classname="tests.test_gymflow_milestones.TestMilestonesContent" name="test_setup_anniversary_in_2_days" time="0.134" /><testcase classname="tests.test_gymflow_milestones.TestMilestonesContent" name="test_setup_anniversary_same_year_excluded" time="0.125" /><testcase classname="tests.test_gymflow_milestones.TestMilestonesContent" name="test_milestones_response_structure" time="0.102" /><testcase classname="tests.test_gymflow_milestones.TestMilestonesContent" name="test_milestones_sorted" time="0.122" /><testcase classname="tests.test_gymflow_milestones.TestMilestonesContent" name="test_milestones_days_until_in_window" time="0.984" /><testcase classname="tests.test_gymflow_qr.TestMemberQROnCreate" name="test_create_member_returns_qr_fields" time="0.481" /><testcase classname="tests.test_gymflow_qr.TestMemberQROnCreate" name="test_get_member_qr_endpoint" time="0.125" /><testcase classname="tests.test_gymflow_qr.TestMemberQROnCreate" name="test_get_member_qr_lazy_generates" time="0.250" /><testcase classname="tests.test_gymflow_qr.TestMemberQROnCreate" name="test_get_member_qr_not_found" time="0.665" /><testcase classname="tests.test_gymflow_qr.TestAttendanceScan" name="test_setup_member" time="0.122" /><testcase classname="tests.test_gymflow_qr.TestAttendanceScan" name="test_scan_with_json_payload_checks_in" time="0.107" /><testcase classname="tests.test_gymflow_qr.TestAttendanceScan" name="test_scan_duplicate_within_window" time="0.111" /><testcase classname="tests.test_gymflow_qr.TestAttendanceScan" name="test_scan_with_raw_member_id" time="0.124" /><testcase classname="tests.test_gymflow_qr.TestAttendanceScan" name="test_scan_invalid_member" time="0.121" /><testcase classname="tests.test_gymflow_qr.TestAttendanceScan" name="test_scan_expired_member_blocked" time="0.865" /><testcase classname="tests.test_gymflow_qr.TestNewAnalytics" name="test_peak_hours_default" time="0.110" /><testcase classname="tests.test_gymflow_qr.TestNewAnalytics" name="test_peak_hours_days_param" time="0.108" /><testcase classname="tests.test_gymflow_qr.TestNewAnalytics" name="test_absent_members_default" time="0.104" /><testcase classname="tests.test_gymflow_qr.TestNewAnalytics" name="test_peak_hours_unauth" time="0.116" /><testcase classname="tests.test_gymflow_qr.TestNewAnalytics" name="test_absent_unauth" time="0.108" /></testsuite></testsuites>