<?xml version="1.0" encoding="utf-8"?><testsuites name="pytest tests"><testsuite name="pytest" errors="0" failures="0" skipped="0" tests="38" time="8.466" timestamp="2026-05-28T17:21:08.664780+00:00" hostname="agent-env-145d872d-87ef-4f70-8800-8a2d89f4686c"><testcase classname="backend.tests.test_gymflow_api.TestAuth" name="test_health" time="0.292" /><testcase classname="backend.tests.test_gymflow_api.TestAuth" name="test_login_bad_creds" time="0.360" /><testcase classname="backend.tests.test_gymflow_api.TestAuth" name="test_me_no_token" time="0.109" /><testcase classname="backend.tests.test_gymflow_api.TestAuth" name="test_me_bad_token" time="0.144" /><testcase classname="backend.tests.test_gymflow_api.TestAuth" name="test_me_ok" time="0.511" /><testcase classname="backend.tests.test_gymflow_api.TestMembers" name="test_create_member" time="0.151" /><testcase classname="backend.tests.test_gymflow_api.TestMembers" name="test_get_member" time="0.141" /><testcase classname="backend.tests.test_gymflow_api.TestMembers" name="test_list_members_search" time="0.112" /><testcase classname="backend.tests.test_gymflow_api.TestMembers" name="test_list_members_status_filter" time="0.108" /><testcase classname="backend.tests.test_gymflow_api.TestMembers" name="test_update_member_plan_extends_expiry" time="0.165" /><testcase classname="backend.tests.test_gymflow_api.TestMembers" name="test_member_unauthorized" time="0.110" /><testcase classname="backend.tests.test_gymflow_api.TestAttendance" name="test_checkin_checkout_flow" time="0.330" /><testcase classname="backend.tests.test_gymflow_api.TestAttendance" name="test_today" time="0.109" /><testcase classname="backend.tests.test_gymflow_api.TestAttendance" name="test_checkout_no_record" time="0.176" /><testcase classname="backend.tests.test_gymflow_api.TestPayments" name="test_create_payment_extends_expiry" time="0.368" /><testcase classname="backend.tests.test_gymflow_api.TestPayments" name="test_list_payments" time="0.101" /><testcase classname="backend.tests.test_gymflow_api.TestPayments" name="test_get_payment_receipt" time="0.156" /><testcase classname="backend.tests.test_gymflow_api.TestPayments" name="test_pending_fees" time="0.110" /><testcase classname="backend.tests.test_gymflow_api.TestDashboard" name="test_stats" time="0.110" /><testcase classname="backend.tests.test_gymflow_api.TestDashboard" name="test_analytics_revenue" time="0.113" /><testcase classname="backend.tests.test_gymflow_api.TestDashboard" name="test_analytics_attendance" time="0.109" /><testcase classname="backend.tests.test_gymflow_api.TestDashboard" name="test_analytics_member_growth" time="0.137" /><testcase classname="backend.tests.test_gymflow_api.TestZCleanup" name="test_delete_member" time="0.233" /><testcase classname="backend.tests.test_gymflow_qr.TestMemberQROnCreate" name="test_create_member_returns_qr_fields" time="0.482" /><testcase classname="backend.tests.test_gymflow_qr.TestMemberQROnCreate" name="test_get_member_qr_endpoint" time="0.124" /><testcase classname="backend.tests.test_gymflow_qr.TestMemberQROnCreate" name="test_get_member_qr_lazy_generates" time="0.234" /><testcase classname="backend.tests.test_gymflow_qr.TestMemberQROnCreate" name="test_get_member_qr_not_found" time="0.690" /><testcase classname="backend.tests.test_gymflow_qr.TestAttendanceScan" name="test_setup_member" time="0.133" /><testcase classname="backend.tests.test_gymflow_qr.TestAttendanceScan" name="test_scan_with_json_payload_checks_in" time="0.117" /><testcase classname="backend.tests.test_gymflow_qr.TestAttendanceScan" name="test_scan_duplicate_within_window" time="0.101" /><testcase classname="backend.tests.test_gymflow_qr.TestAttendanceScan" name="test_scan_with_raw_member_id" time="0.146" /><testcase classname="backend.tests.test_gymflow_qr.TestAttendanceScan" name="test_scan_invalid_member" time="0.127" /><testcase classname="backend.tests.test_gymflow_qr.TestAttendanceScan" name="test_scan_expired_member_blocked" time="0.861" /><testcase classname="backend.tests.test_gymflow_qr.TestNewAnalytics" name="test_peak_hours_default" time="0.117" /><testcase classname="backend.tests.test_gymflow_qr.TestNewAnalytics" name="test_peak_hours_days_param" time="0.099" /><testcase classname="backend.tests.test_gymflow_qr.TestNewAnalytics" name="test_absent_members_default" time="0.540" /><testcase classname="backend.tests.test_gymflow_qr.TestNewAnalytics" name="test_peak_hours_unauth" time="0.109" /><testcase classname="backend.tests.test_gymflow_qr.TestNewAnalytics" name="test_absent_unauth" time="0.104" /></testsuite></testsuites>